<?xml version="1.0" encoding="UTF-8" ?>
<testsuite tests="14" failures="0" name="program.NumberDifference.NumberDifferenceTest" time="0.033" errors="0" skipped="0">
  <properties>
[...]
</properties>
  <testcase classname="program.NumberDifference.NumberDifferenceTest" name="testGroup0" time="0.019"/>
  <testcase classname="program.NumberDifference.NumberDifferenceTest" name="testGroup2InRange" time="0"/>
  <testcase classname="program.NumberDifference.NumberDifferenceTest" name="testGroup2MinRange" time="0"/>
  <testcase classname="program.NumberDifference.NumberDifferenceTest" name="testMinValidation" time="0"/>
  <testcase classname="program.NumberDifference.NumberDifferenceTest" name="testGroup2MaxRange" time="0"/>
  <testcase classname="program.NumberDifference.NumberDifferenceTest" name="testGroup1MinRange" time="0.006"/>
  <testcase classname="program.NumberDifference.NumberDifferenceTest" name="testGroup1MaxRange" time="0"/>
  <testcase classname="program.NumberDifference.NumberDifferenceTest" name="testGroup3MinRange" time="0"/>
  <testcase classname="program.NumberDifference.NumberDifferenceTest" name="testMaksValidation" time="0.003"/>
  <testcase classname="program.NumberDifference.NumberDifferenceTest" name="testGroup3InRange" time="0"/>
  <testcase classname="program.NumberDifference.NumberDifferenceTest" name="testGroup1InRange" time="0"/>
  <testcase classname="program.NumberDifference.NumberDifferenceTest" name="testNonGroupInput1" time="0.004"/>
  <testcase classname="program.NumberDifference.NumberDifferenceTest" name="testGroup3Input3" time="0.001"/>
  <testcase classname="program.NumberDifference.NumberDifferenceTest" name="testGroup3Input2" time="0"/>
</testsuite>